The system is: Windows - 10.0.22623 - AMD64
Compiling the C compiler identification source file "CMakeCCompilerId.c" succeeded.
Compiler: C:/Program Files/Microsoft Visual Studio/2022/Enterprise/VC/Tools/MSVC/14.33.31629/bin/Hostx64/x64/cl.exe 
Build flags: 
Id flags:  

The output was:
0
Microsoft (R) C/C++ Optimizing Compiler Version 19.33.31630 for x64
Copyright (C) Microsoft Corporation.  All rights reserved.

CMakeCCompilerId.c
Microsoft (R) Incremental Linker Version 14.33.31630.0
Copyright (C) Microsoft Corporation.  All rights reserved.

/out:CMakeCCompilerId.exe 
CMakeCCompilerId.obj 


Compilation of the C compiler identification source "CMakeCCompilerId.c" produced "CMakeCCompilerId.exe"

Compilation of the C compiler identification source "CMakeCCompilerId.c" produced "CMakeCCompilerId.obj"

The C compiler identification is MSVC, found in "C:/Users/the1k/source/repos/PythonApplication1/catkin_ws_remote/build/CMakeFiles/3.18.2/CompilerIdC/CMakeCCompilerId.exe"

Compiling the CXX compiler identification source file "CMakeCXXCompilerId.cpp" succeeded.
Compiler: C:/Program Files/Microsoft Visual Studio/2022/Enterprise/VC/Tools/MSVC/14.33.31629/bin/Hostx64/x64/cl.exe 
Build flags: 
Id flags:  

The output was:
0
Microsoft (R) C/C++ Optimizing Compiler Version 19.33.31630 for x64
Copyright (C) Microsoft Corporation.  All rights reserved.

CMakeCXXCompilerId.cpp
Microsoft (R) Incremental Linker Version 14.33.31630.0
Copyright (C) Microsoft Corporation.  All rights reserved.

/out:CMakeCXXCompilerId.exe 
CMakeCXXCompilerId.obj 


Compilation of the CXX compiler identification source "CMakeCXXCompilerId.cpp" produced "CMakeCXXCompilerId.exe"

Compilation of the CXX compiler identification source "CMakeCXXCompilerId.cpp" produced "CMakeCXXCompilerId.obj"

The CXX compiler identification is MSVC, found in "C:/Users/the1k/source/repos/PythonApplication1/catkin_ws_remote/build/CMakeFiles/3.18.2/CompilerIdCXX/CMakeCXXCompilerId.exe"

Detecting C compiler ABI info compiled with the following output:
Change Dir: C:/Users/the1k/source/repos/PythonApplication1/catkin_ws_remote/build/CMakeFiles/CMakeTmp

Run Build Command(s):C:/PROGRA~1/MIB055~1/2022/ENTERP~1/Common7/IDE/COMMON~1/MICROS~1/CMake/Ninja/ninja.exe cmTC_8c442 && [1/2] Building C object CMakeFiles\cmTC_8c442.dir\CMakeCCompilerABI.c.obj
[2/2] Linking C executable cmTC_8c442.exe



Detecting CXX compiler ABI info compiled with the following output:
Change Dir: C:/Users/the1k/source/repos/PythonApplication1/catkin_ws_remote/build/CMakeFiles/CMakeTmp

Run Build Command(s):C:/PROGRA~1/MIB055~1/2022/ENTERP~1/Common7/IDE/COMMON~1/MICROS~1/CMake/Ninja/ninja.exe cmTC_e8a5c && [1/2] Building CXX object CMakeFiles\cmTC_e8a5c.dir\CMakeCXXCompilerABI.cpp.obj
[2/2] Linking CXX executable cmTC_e8a5c.exe



